1633182455351	geckodriver	INFO	Listening on 127.0.0.1:50038
1633182456375	mozrunner::runner	INFO	Running command: "/Applications/Firefox.app/Contents/MacOS/firefox-bin" "--marionette" "-foreground" "-no-remote" "-profile" "/var/folders/cn/h1z7t3w56gl_t2wx8d2_6_jw0000gn/T/rust_mozprofileopFbks"
1633182457574	Marionette	INFO	Marionette enabled
console.warn: SearchSettings: "get: No settings file exists, new profile?" (new NotFoundError("Could not open the file at /var/folders/cn/h1z7t3w56gl_t2wx8d2_6_jw0000gn/T/rust_mozprofileopFbks/search.json.mozlz4", (void 0)))
console.error: BackgroundUpdate: 
  _reasonsToNotScheduleUpdates: Failed to check for Maintenance Service Registry Key: [Exception... "Component returned failure code: 0x80004001 (NS_ERROR_NOT_IMPLEMENTED) [nsIUpdateProcessor.getServiceRegKeyExists]"  nsresult: "0x80004001 (NS_ERROR_NOT_IMPLEMENTED)"  location: "JS frame :: resource://gre/modules/BackgroundUpdate.jsm :: _reasonsToNotScheduleUpdates :: line 243"  data: no]
1633182460735	Marionette	INFO	Listening on port 50049
1633182460849	RemoteAgent	WARN	TLS certificate errors will be ignored for this session
JavaScript error: http://selenium1py.pythonanywhere.com/ru/, line 374: ReferenceError: oscar is not defined
1633182462307	Marionette	INFO	Stopped listening on port 50049
JavaScript error: resource:///modules/Interactions.jsm, line 230: NS_ERROR_FAILURE: Component returned failure code: 0x80004005 (NS_ERROR_FAILURE) [nsIUserIdleService.removeIdleObserver]

###!!! [Parent][RunMessage] Error: Channel closing: too late to send/recv, messages will be lost

1633182510388	geckodriver	INFO	Listening on 127.0.0.1:50132
1633182510409	mozrunner::runner	INFO	Running command: "/Applications/Firefox.app/Contents/MacOS/firefox-bin" "--marionette" "-foreground" "-no-remote" "-profile" "/var/folders/cn/h1z7t3w56gl_t2wx8d2_6_jw0000gn/T/rust_mozprofileS8vtYl"
1633182511496	Marionette	INFO	Marionette enabled
console.warn: SearchSettings: "get: No settings file exists, new profile?" (new NotFoundError("Could not open the file at /var/folders/cn/h1z7t3w56gl_t2wx8d2_6_jw0000gn/T/rust_mozprofileS8vtYl/search.json.mozlz4", (void 0)))
console.error: BackgroundUpdate: 
  _reasonsToNotScheduleUpdates: Failed to check for Maintenance Service Registry Key: [Exception... "Component returned failure code: 0x80004001 (NS_ERROR_NOT_IMPLEMENTED) [nsIUpdateProcessor.getServiceRegKeyExists]"  nsresult: "0x80004001 (NS_ERROR_NOT_IMPLEMENTED)"  location: "JS frame :: resource://gre/modules/BackgroundUpdate.jsm :: _reasonsToNotScheduleUpdates :: line 243"  data: no]
1633182514495	Marionette	INFO	Listening on port 50141
1633182514563	RemoteAgent	WARN	TLS certificate errors will be ignored for this session
JavaScript error: http://selenium1py.pythonanywhere.com/ru/, line 374: ReferenceError: oscar is not defined
1633182515942	Marionette	INFO	Stopped listening on port 50141
JavaScript error: resource://gre/modules/UrlClassifierListManager.jsm, line 691: TypeError: this.tablesData[table] is undefined
JavaScript error: resource:///modules/Interactions.jsm, line 230: NS_ERROR_FAILURE: Component returned failure code: 0x80004005 (NS_ERROR_FAILURE) [nsIUserIdleService.removeIdleObserver]

###!!! [Parent][RunMessage] Error: Channel closing: too late to send/recv, messages will be lost

